[debug] [2018-02-06T07:29:57.785Z] ----------------------------------------------------------------------
[debug] [2018-02-06T07:29:57.788Z] Command:       /usr/bin/node /usr/local/bin/firebase deploy --only functions
[debug] [2018-02-06T07:29:57.789Z] CLI Version:   3.16.0
[debug] [2018-02-06T07:29:57.789Z] Platform:      linux
[debug] [2018-02-06T07:29:57.789Z] Node Version:  v6.11.4
[debug] [2018-02-06T07:29:57.789Z] Time:          Tue Feb 06 2018 12:59:57 GMT+0530 (IST)
[debug] [2018-02-06T07:29:57.789Z] ----------------------------------------------------------------------
[debug] 
[debug] [2018-02-06T07:29:57.803Z] > command requires scopes: ["email","openid","https://www.googleapis.com/auth/cloudplatformprojects.readonly","https://www.googleapis.com/auth/firebase","https://www.googleapis.com/auth/cloud-platform"]
[debug] [2018-02-06T07:29:57.804Z] > authorizing via signed-in user
[debug] [2018-02-06T07:29:57.807Z] >>> HTTP REQUEST GET https://admin.firebase.com/v1/projects/internet-archive  
  
 Tue Feb 06 2018 12:59:57 GMT+0530 (IST)
[debug] [2018-02-06T07:29:59.856Z] <<< HTTP RESPONSE 200
[debug] [2018-02-06T07:29:59.859Z] >>> HTTP REQUEST GET https://admin.firebase.com/v1/database/internet-archive/tokens  
  
 Tue Feb 06 2018 12:59:59 GMT+0530 (IST)
[debug] [2018-02-06T07:30:01.170Z] <<< HTTP RESPONSE 200
[info] 
[info] === Deploying to 'internet-archive'...
[info] 
[info] i  deploying functions
[debug] [2018-02-06T07:30:03.130Z] > [functions] package.json contents: {
  "name": "playMedia",
  "description": "This is the default fulfillment for a Dialogflow agents using Cloud Functions for Firebase",
  "version": "1.5.1",
  "private": true,
  "license": "Apache Version 2.0",
  "author": "Google Inc.",
  "engines": {
    "node": "~6.0"
  },
  "scripts": {
    "start": "firebase serve --only functions:playMedia",
    "deploy": "firebase deploy --only functions:playMedia"
  },
  "dependencies": {
    "actions-on-google": "file:aog-media-control-eap.tgz",
    "debug": "^3.1.0",
    "firebase-admin": "^5.5.1",
    "firebase-functions": "^0.7.3",
    "replaceall": "^0.1.6"
  }
}
[info] i  functions: ensuring necessary APIs are enabled...
[debug] [2018-02-06T07:30:03.132Z] >>> HTTP REQUEST GET https://servicemanagement.googleapis.com/v1/services/cloudfunctions.googleapis.com/projectSettings/internet-archive?view=CONSUMER_VIEW  
  
 Tue Feb 06 2018 13:00:03 GMT+0530 (IST)
[debug] [2018-02-06T07:30:03.133Z] >>> HTTP REQUEST GET https://servicemanagement.googleapis.com/v1/services/runtimeconfig.googleapis.com/projectSettings/internet-archive?view=CONSUMER_VIEW  
  
 Tue Feb 06 2018 13:00:03 GMT+0530 (IST)
[debug] [2018-02-06T07:53:17.211Z] ----------------------------------------------------------------------
[debug] [2018-02-06T07:53:17.215Z] Command:       /usr/bin/node /usr/local/bin/firebase deploy --only functions
[debug] [2018-02-06T07:53:17.215Z] CLI Version:   3.16.0
[debug] [2018-02-06T07:53:17.215Z] Platform:      linux
[debug] [2018-02-06T07:53:17.215Z] Node Version:  v6.11.4
[debug] [2018-02-06T07:53:17.216Z] Time:          Tue Feb 06 2018 13:23:17 GMT+0530 (IST)
[debug] [2018-02-06T07:53:17.216Z] ----------------------------------------------------------------------
[debug] 
[debug] [2018-02-06T07:53:17.230Z] > command requires scopes: ["email","openid","https://www.googleapis.com/auth/cloudplatformprojects.readonly","https://www.googleapis.com/auth/firebase","https://www.googleapis.com/auth/cloud-platform"]
[debug] [2018-02-06T07:53:17.230Z] > authorizing via signed-in user
[debug] [2018-02-06T07:53:17.233Z] > refreshing access token with scopes: ["email","https://www.googleapis.com/auth/cloud-platform","https://www.googleapis.com/auth/cloudplatformprojects.readonly","https://www.googleapis.com/auth/firebase","openid"]
[debug] [2018-02-06T07:53:17.233Z] >>> HTTP REQUEST POST https://www.googleapis.com/oauth2/v3/token  
 { refresh_token: '1/p4PBIic2eH7O0pST_V4gdbVVGMe6KV5Wn0JPJrQAIaA',
  client_id: '563584335869-fgrhgmd47bqnekij5i8b5pr03ho849e6.apps.googleusercontent.com',
  client_secret: 'j9iVZfS8kkCEFUPaAeJV0sAi',
  grant_type: 'refresh_token',
  scope: 'email https://www.googleapis.com/auth/cloud-platform https://www.googleapis.com/auth/cloudplatformprojects.readonly https://www.googleapis.com/auth/firebase openid' } 
 Tue Feb 06 2018 13:23:17 GMT+0530 (IST)
[debug] [2018-02-06T07:53:17.585Z] <<< HTTP RESPONSE 200
[debug] [2018-02-06T07:53:17.627Z] >>> HTTP REQUEST GET https://admin.firebase.com/v1/projects/internet-archive  
  
 Tue Feb 06 2018 13:23:17 GMT+0530 (IST)
[debug] [2018-02-06T07:53:19.731Z] <<< HTTP RESPONSE 200
[debug] [2018-02-06T07:53:19.734Z] >>> HTTP REQUEST GET https://admin.firebase.com/v1/database/internet-archive/tokens  
  
 Tue Feb 06 2018 13:23:19 GMT+0530 (IST)
[debug] [2018-02-06T07:53:20.846Z] <<< HTTP RESPONSE 200
[info] 
[info] === Deploying to 'internet-archive'...
[info] 
[info] i  deploying functions
[debug] [2018-02-06T07:53:22.930Z] > [functions] package.json contents: {
  "name": "playMedia",
  "description": "This is the default fulfillment for a Dialogflow agents using Cloud Functions for Firebase",
  "version": "1.5.1",
  "private": true,
  "license": "Apache Version 2.0",
  "author": "Google Inc.",
  "engines": {
    "node": "~6.0"
  },
  "scripts": {
    "start": "firebase serve --only functions:playMedia",
    "deploy": "firebase deploy --only functions:playMedia"
  },
  "dependencies": {
    "actions-on-google": "file:aog-media-control-eap.tgz",
    "debug": "^3.1.0",
    "firebase-admin": "^5.5.1",
    "firebase-functions": "^0.7.3",
    "replaceall": "^0.1.6"
  }
}
[info] i  functions: ensuring necessary APIs are enabled...
[debug] [2018-02-06T07:53:22.934Z] >>> HTTP REQUEST GET https://servicemanagement.googleapis.com/v1/services/cloudfunctions.googleapis.com/projectSettings/internet-archive?view=CONSUMER_VIEW  
  
 Tue Feb 06 2018 13:23:22 GMT+0530 (IST)
[debug] [2018-02-06T07:53:22.936Z] >>> HTTP REQUEST GET https://servicemanagement.googleapis.com/v1/services/runtimeconfig.googleapis.com/projectSettings/internet-archive?view=CONSUMER_VIEW  
  
 Tue Feb 06 2018 13:23:22 GMT+0530 (IST)
[debug] [2018-02-06T07:53:24.795Z] <<< HTTP RESPONSE 200
[info] ✔  functions: all necessary APIs are enabled
[debug] [2018-02-06T07:53:24.808Z] <<< HTTP RESPONSE 200
[debug] [2018-02-06T07:53:24.813Z] >>> HTTP REQUEST GET https://appengine.googleapis.com/v1/apps/internet-archive  
  
 Tue Feb 06 2018 13:23:24 GMT+0530 (IST)
[debug] [2018-02-06T07:53:24.815Z] >>> HTTP REQUEST GET https://apikeys.googleapis.com/v1/projects/internet-archive/apiKeys  
  
 Tue Feb 06 2018 13:23:24 GMT+0530 (IST)
[debug] [2018-02-06T07:53:26.485Z] <<< HTTP RESPONSE 200
[debug] [2018-02-06T07:53:26.491Z] <<< HTTP RESPONSE 200
[info] i  functions: preparing functions directory for uploading...
[info] i  functions: packaged functions (64.24 KB) for uploading
[debug] [2018-02-06T07:53:29.614Z] >>> HTTP REQUEST GET https://www.googleapis.com/storage/v1/b/staging.internet-archive.appspot.com  
  
 Tue Feb 06 2018 13:23:29 GMT+0530 (IST)
[debug] [2018-02-06T07:53:30.375Z] <<< HTTP RESPONSE 200
[debug] [2018-02-06T07:53:30.377Z] >>> HTTP REQUEST POST https://www.googleapis.com/upload/storage/v1/b/staging.internet-archive.appspot.com/o?uploadType=media&name=firebase-functions-source  
 ReadStream {
  _readableState: 
   ReadableState {
     objectMode: false,
     highWaterMark: 65536,
     buffer: BufferList { head: [Object], tail: [Object], length: 1 },
     length: 65536,
     pipes: null,
     pipesCount: 0,
     flowing: null,
     ended: false,
     endEmitted: false,
     reading: false,
     sync: false,
     needReadable: false,
     emittedReadable: true,
     readableListening: false,
     resumeScheduled: false,
     defaultEncoding: 'utf8',
     ranOut: false,
     awaitDrain: 0,
     readingMore: false,
     decoder: null,
     encoding: null },
  readable: true,
  domain: null,
  _events: { end: [Function] },
  _eventsCount: 1,
  _maxListeners: undefined,
  path: '/tmp/firebase-functions-4475sJW0Tu7O6vW9.zip',
  fd: 15,
  flags: 'r',
  mode: 438,
  start: undefined,
  end: undefined,
  autoClose: true,
  pos: undefined,
  bytesRead: 65536 } 
 Tue Feb 06 2018 13:23:30 GMT+0530 (IST)
[debug] [2018-02-06T07:53:31.399Z] <<< HTTP RESPONSE 200
[info] ✔  functions: functions folder uploaded successfully
[debug] [2018-02-06T07:53:31.403Z] >>> HTTP REQUEST GET https://cloudfunctions.googleapis.com/v1/projects/internet-archive/locations/us-central1/functions  
  
 Tue Feb 06 2018 13:23:31 GMT+0530 (IST)
[debug] [2018-02-06T07:53:32.015Z] <<< HTTP RESPONSE 200
[info] i  functions: updating function playMedia...
[debug] [2018-02-06T07:53:32.025Z] Trigger is:  {"httpsTrigger":{}}
[debug] [2018-02-06T07:53:32.030Z] >>> HTTP REQUEST PATCH https://cloudfunctions.googleapis.com/v1/projects/internet-archive/locations/us-central1/functions/playMedia 
query params: {"updateMask":"sourceArchiveUrl,name,labels,httpsTrigger"} 
 { sourceArchiveUrl: 'gs://staging.internet-archive.appspot.com/firebase-functions-source',
  name: 'projects/internet-archive/locations/us-central1/functions/playMedia',
  labels: { 'deployment-tool': 'cli-firebase' },
  httpsTrigger: {} } 
 Tue Feb 06 2018 13:23:32 GMT+0530 (IST)
[debug] [2018-02-06T07:53:32.632Z] <<< HTTP RESPONSE 200
[debug] [2018-02-06T07:53:32.644Z] >>> HTTP REQUEST GET https://cloudfunctions.googleapis.com/v1/projects/internet-archive/locations/us-central1/functions  
  
 Tue Feb 06 2018 13:23:32 GMT+0530 (IST)
[debug] [2018-02-06T07:53:33.242Z] <<< HTTP RESPONSE 200
[debug] [2018-02-06T07:53:33.249Z] >>> HTTP REQUEST GET https://cloudfunctions.googleapis.com/v1/operations/aW50ZXJuZXQtYXJjaGl2ZS91cy1jZW50cmFsMS9wbGF5TWVkaWEvUDdOS09ubFFCMXc  
  
 Tue Feb 06 2018 13:23:33 GMT+0530 (IST)
[debug] [2018-02-06T07:53:33.666Z] <<< HTTP RESPONSE 200
